<?xml version="1.0" encoding="UTF-8"?>
<!-- Generated by org.testng.reporters.JUnitXMLReporter -->
<testsuite ignored="0" hostname="LAPTOP-8UKHKL7O" failures="0" tests="1" name="Test" time="0.119" errors="0" timestamp="2024-08-08T19:30:51 IST">
  <testcase classname="com.base.BaseTest" name="@BeforeSuite setUp" time="0.01">
    <failure type="java.lang.ExceptionInInitializerError">
      <![CDATA[java.lang.ExceptionInInitializerError
at com.base.BaseTest.setUp(BaseTest.java:17)
Caused by: java.lang.NullPointerException: Cannot invoke "org.openqa.selenium.TakesScreenshot.getScreenshotAs(org.openqa.selenium.OutputType)" because "screenshot" is null
at com.report.ExtentFactory.captureApplicationScreenshot(ExtentFactory.java:51)
at com.report.ExtentFactory.failTest(ExtentFactory.java:91)
at com.properties.CofigLoader.<init>(CofigLoader.java:26)
at com.properties.CofigLoader.<clinit>(CofigLoader.java:41)
... 18 more
... Removed 17 stack frames]]>
    </failure>
  </testcase> <!-- @BeforeSuite setUp -->
  <testcase classname="com.test.LoginTest" name="loginWithValidUserNameAndValidPassword" time="0.0">
    <skipped/>
  </testcase> <!-- loginWithValidUserNameAndValidPassword -->
</testsuite> <!-- Test -->
